{
"contracts/Lottery.sol":{"l":{"52":3,"53":3,"54":3,"55":3,"56":3,"57":3,"58":3,"59":3,"63":5,"64":1,"66":4,"68":1,"71":3,"72":3,"76":2,"77":2,"78":2,"79":2,"80":2,"84":1,"85":1,"86":0,"88":1,"89":1,"96":1,"100":0,"101":0,"102":0,"103":0,"104":0,"105":0,"106":0,"107":0,"109":0,"110":0,"118":0,"119":0,"123":1,"127":0,"131":1,"135":0,"139":1,"142":0,"146":9},"path":"/Users/syedhussainsabar/lotteryApp/contracts/Lottery.sol","s":{"1":5,"2":4,"3":3,"4":3,"5":2,"6":2,"7":2,"8":2,"9":1,"10":1,"11":1,"12":1,"13":0,"14":0,"15":0,"16":0,"17":0,"18":0,"19":0,"20":1,"21":0,"22":1,"23":0,"24":1,"25":0,"26":9},"b":{"1":[1,4],"2":[1,3],"3":[0,1],"4":[0,0]},"f":{"1":3,"2":5,"3":2,"4":1,"5":0,"6":0,"7":1,"8":0,"9":1,"10":0,"11":1,"12":0,"13":9},"fnMap":{"1":{"name":"constructor","line":51,"loc":{"start":{"line":50,"column":0},"end":{"line":60,"column":0}}},"2":{"name":"lotteryEntrance","line":62,"loc":{"start":{"line":62,"column":0},"end":{"line":73,"column":0}}},"3":{"name":"checkUpkeep","line":75,"loc":{"start":{"line":75,"column":0},"end":{"line":81,"column":0}}},"4":{"name":"performUpkeep","line":83,"loc":{"start":{"line":83,"column":0},"end":{"line":97,"column":0}}},"5":{"name":"fulfillRandomWords","line":99,"loc":{"start":{"line":99,"column":0},"end":{"line":111,"column":0}}},"6":{"name":"getEntranceFees","line":117,"loc":{"start":{"line":117,"column":4},"end":{"line":120,"column":4}}},"7":{"name":"getPlayers","line":122,"loc":{"start":{"line":122,"column":4},"end":{"line":124,"column":4}}},"8":{"name":"getRecentWinner","line":126,"loc":{"start":{"line":126,"column":0},"end":{"line":128,"column":0}}},"9":{"name":"getLotteryState","line":130,"loc":{"start":{"line":130,"column":0},"end":{"line":132,"column":0}}},"10":{"name":"getLastTimeStamp","line":134,"loc":{"start":{"line":134,"column":0},"end":{"line":136,"column":0}}},"11":{"name":"getNumWords","line":138,"loc":{"start":{"line":138,"column":0},"end":{"line":140,"column":0}}},"12":{"name":"getRequesConfirmations","line":141,"loc":{"start":{"line":141,"column":0},"end":{"line":143,"column":0}}},"13":{"name":"getInterval","line":145,"loc":{"start":{"line":145,"column":0},"end":{"line":147,"column":0}}}},"statementMap":{"1":{"start":{"line":63,"column":0},"end":{"line":63,"column":2132}},"2":{"start":{"line":66,"column":0},"end":{"line":66,"column":2206}},"3":{"start":{"line":71,"column":0},"end":{"line":71,"column":34}},"4":{"start":{"line":72,"column":0},"end":{"line":72,"column":29}},"5":{"start":{"line":76,"column":0},"end":{"line":76,"column":49}},"6":{"start":{"line":77,"column":0},"end":{"line":77,"column":66}},"7":{"start":{"line":78,"column":0},"end":{"line":78,"column":41}},"8":{"start":{"line":79,"column":0},"end":{"line":79,"column":36}},"9":{"start":{"line":84,"column":0},"end":{"line":84,"column":36}},"10":{"start":{"line":85,"column":0},"end":{"line":85,"column":2844}},"11":{"start":{"line":89,"column":0},"end":{"line":89,"column":3009}},"12":{"start":{"line":96,"column":0},"end":{"line":96,"column":38}},"13":{"start":{"line":100,"column":4},"end":{"line":100,"column":57}},"14":{"start":{"line":101,"column":0},"end":{"line":101,"column":43}},"15":{"start":{"line":105,"column":0},"end":{"line":105,"column":68}},"16":{"start":{"line":106,"column":0},"end":{"line":106,"column":3549}},"17":{"start":{"line":110,"column":0},"end":{"line":110,"column":40}},"18":{"start":{"line":118,"column":0},"end":{"line":118,"column":39}},"19":{"start":{"line":119,"column":0},"end":{"line":119,"column":20}},"20":{"start":{"line":123,"column":8},"end":{"line":123,"column":31}},"21":{"start":{"line":127,"column":0},"end":{"line":127,"column":21}},"22":{"start":{"line":131,"column":4},"end":{"line":131,"column":25}},"23":{"start":{"line":135,"column":4},"end":{"line":135,"column":30}},"24":{"start":{"line":139,"column":4},"end":{"line":139,"column":19}},"25":{"start":{"line":142,"column":4},"end":{"line":142,"column":38}},"26":{"start":{"line":146,"column":0},"end":{"line":146,"column":17}}},"branchMap":{"1":{"line":63,"type":"if","locations":[{"start":{"line":63,"column":0},"end":{"line":63,"column":0}},{"start":{"line":63,"column":0},"end":{"line":63,"column":0}}]},"2":{"line":66,"type":"if","locations":[{"start":{"line":66,"column":0},"end":{"line":66,"column":0}},{"start":{"line":66,"column":0},"end":{"line":66,"column":0}}]},"3":{"line":85,"type":"if","locations":[{"start":{"line":85,"column":0},"end":{"line":85,"column":0}},{"start":{"line":85,"column":0},"end":{"line":85,"column":0}}]},"4":{"line":106,"type":"if","locations":[{"start":{"line":106,"column":0},"end":{"line":106,"column":0}},{"start":{"line":106,"column":0},"end":{"line":106,"column":0}}]}}},
"contracts/tests/VRFCoordinatorV2Mock.sol":{"l":{},"path":"/Users/syedhussainsabar/lotteryApp/contracts/tests/VRFCoordinatorV2Mock.sol","s":{},"b":{},"f":{},"fnMap":{},"statementMap":{},"branchMap":{}}}
