TN:
SF:/Users/syedhussainsabar/lotteryApp/contracts/Lottery.sol
FN:51,constructor
FN:62,lotteryEntrance
FN:75,checkUpkeep
FN:83,performUpkeep
FN:99,fulfillRandomWords
FN:117,getEntranceFees
FN:122,getPlayers
FN:126,getRecentWinner
FN:130,getLotteryState
FN:134,getLastTimeStamp
FN:138,getNumWords
FN:141,getRequesConfirmations
FN:145,getInterval
FNF:13
FNH:8
FNDA:3,constructor
FNDA:5,lotteryEntrance
FNDA:2,checkUpkeep
FNDA:1,performUpkeep
FNDA:0,fulfillRandomWords
FNDA:0,getEntranceFees
FNDA:1,getPlayers
FNDA:0,getRecentWinner
FNDA:1,getLotteryState
FNDA:0,getLastTimeStamp
FNDA:1,getNumWords
FNDA:0,getRequesConfirmations
FNDA:9,getInterval
DA:52,3
DA:53,3
DA:54,3
DA:55,3
DA:56,3
DA:57,3
DA:58,3
DA:59,3
DA:63,5
DA:64,1
DA:66,4
DA:68,1
DA:71,3
DA:72,3
DA:76,2
DA:77,2
DA:78,2
DA:79,2
DA:80,2
DA:84,1
DA:85,1
DA:86,0
DA:88,1
DA:89,1
DA:96,1
DA:100,0
DA:101,0
DA:102,0
DA:103,0
DA:104,0
DA:105,0
DA:106,0
DA:107,0
DA:109,0
DA:110,0
DA:118,0
DA:119,0
DA:123,1
DA:127,0
DA:131,1
DA:135,0
DA:139,1
DA:142,0
DA:146,9
LF:44
LH:28
BRDA:63,1,0,1
BRDA:63,1,1,4
BRDA:66,2,0,1
BRDA:66,2,1,3
BRDA:85,3,0,0
BRDA:85,3,1,1
BRDA:106,4,0,0
BRDA:106,4,1,0
BRF:8
BRH:5
end_of_record
TN:
SF:/Users/syedhussainsabar/lotteryApp/contracts/tests/VRFCoordinatorV2Mock.sol
FNF:0
FNH:0
LF:0
LH:0
BRF:0
BRH:0
end_of_record
